2024-09-24 16:13:36.3355|0|DEBUG|Tan.Api.Program|init main |url: 
2024-09-24 16:13:37.0273|14|INFO|Microsoft.Hosting.Lifetime|Now listening on: https://localhost:7219 |url: 
2024-09-24 16:13:37.0273|14|INFO|Microsoft.Hosting.Lifetime|Now listening on: http://localhost:5066 |url: 
2024-09-24 16:13:37.0273|0|INFO|Microsoft.Hosting.Lifetime|Application started. Press Ctrl+C to shut down. |url: 
2024-09-24 16:13:37.0273|0|INFO|Microsoft.Hosting.Lifetime|Hosting environment: Development |url: 
2024-09-24 16:13:37.0273|0|INFO|Microsoft.Hosting.Lifetime|Content root path: C:\Users\leetanyul\source\repos\Tan.Api\Tan.Api |url: 
2024-09-25 14:24:27.9032|0|DEBUG|Tan.Api.Program|init main |url: 
2024-09-25 14:24:28.0210|0|ERROR|Tan.Api.Program|expetion main System.AggregateException: Some services are not able to be constructed (Error while validating the service descriptor 'ServiceType: Tan.Application.Facades.Interfaces.ISampleFacade Lifetime: Transient ImplementationType: Tan.Application.Facades.SampleFacade': Unable to resolve service for type 'Tan.Infrastructure.DbContext.SampleContext' while attempting to activate 'Tan.Infrastructure.Repositories.SampleRepository'.) (Error while validating the service descriptor 'ServiceType: Tan.Domain.Services.Interfaces.ISampleService Lifetime: Transient ImplementationType: Tan.Domain.Services.SampleService': Unable to resolve service for type 'Tan.Infrastructure.DbContext.SampleContext' while attempting to activate 'Tan.Infrastructure.Repositories.SampleRepository'.) (Error while validating the service descriptor 'ServiceType: Tan.Domain.Repositories.ISampleRepository Lifetime: Transient ImplementationType: Tan.Infrastructure.Repositories.SampleRepository': Unable to resolve service for type 'Tan.Infrastructure.DbContext.SampleContext' while attempting to activate 'Tan.Infrastructure.Repositories.SampleRepository'.)
 ---> System.InvalidOperationException: Error while validating the service descriptor 'ServiceType: Tan.Application.Facades.Interfaces.ISampleFacade Lifetime: Transient ImplementationType: Tan.Application.Facades.SampleFacade': Unable to resolve service for type 'Tan.Infrastructure.DbContext.SampleContext' while attempting to activate 'Tan.Infrastructure.Repositories.SampleRepository'.
 ---> System.InvalidOperationException: Unable to resolve service for type 'Tan.Infrastructure.DbContext.SampleContext' while attempting to activate 'Tan.Infrastructure.Repositories.SampleRepository'.
   at Microsoft.Extensions.DependencyInjection.ServiceLookup.CallSiteFactory.CreateArgumentCallSites(ServiceIdentifier serviceIdentifier, Type implementationType, CallSiteChain callSiteChain, ParameterInfo[] parameters, Boolean throwIfCallSiteNotFound)
   at Microsoft.Extensions.DependencyInjection.ServiceLookup.CallSiteFactory.CreateConstructorCallSite(ResultCache lifetime, ServiceIdentifier serviceIdentifier, Type implementationType, CallSiteChain callSiteChain)
   at Microsoft.Extensions.DependencyInjection.ServiceLookup.CallSiteFactory.TryCreateExact(ServiceDescriptor descriptor, ServiceIdentifier serviceIdentifier, CallSiteChain callSiteChain, Int32 slot)
   at Microsoft.Extensions.DependencyInjection.ServiceLookup.CallSiteFactory.TryCreateExact(ServiceIdentifier serviceIdentifier, CallSiteChain callSiteChain)
   at Microsoft.Extensions.DependencyInjection.ServiceLookup.CallSiteFactory.CreateCallSite(ServiceIdentifier serviceIdentifier, CallSiteChain callSiteChain)
   at Microsoft.Extensions.DependencyInjection.ServiceLookup.CallSiteFactory.CreateArgumentCallSites(ServiceIdentifier serviceIdentifier, Type implementationType, CallSiteChain callSiteChain, ParameterInfo[] parameters, Boolean throwIfCallSiteNotFound)
   at Microsoft.Extensions.DependencyInjection.ServiceLookup.CallSiteFactory.CreateConstructorCallSite(ResultCache lifetime, ServiceIdentifier serviceIdentifier, Type implementationType, CallSiteChain callSiteChain)
   at Microsoft.Extensions.DependencyInjection.ServiceLookup.CallSiteFactory.TryCreateExact(ServiceDescriptor descriptor, ServiceIdentifier serviceIdentifier, CallSiteChain callSiteChain, Int32 slot)
   at Microsoft.Extensions.DependencyInjection.ServiceLookup.CallSiteFactory.TryCreateExact(ServiceIdentifier serviceIdentifier, CallSiteChain callSiteChain)
   at Microsoft.Extensions.DependencyInjection.ServiceLookup.CallSiteFactory.CreateCallSite(ServiceIdentifier serviceIdentifier, CallSiteChain callSiteChain)
   at Microsoft.Extensions.DependencyInjection.ServiceLookup.CallSiteFactory.CreateArgumentCallSites(ServiceIdentifier serviceIdentifier, Type implementationType, CallSiteChain callSiteChain, ParameterInfo[] parameters, Boolean throwIfCallSiteNotFound)
   at Microsoft.Extensions.DependencyInjection.ServiceLookup.CallSiteFactory.CreateConstructorCallSite(ResultCache lifetime, ServiceIdentifier serviceIdentifier, Type implementationType, CallSiteChain callSiteChain)
   at Microsoft.Extensions.DependencyInjection.ServiceLookup.CallSiteFactory.TryCreateExact(ServiceDescriptor descriptor, ServiceIdentifier serviceIdentifier, CallSiteChain callSiteChain, Int32 slot)
   at Microsoft.Extensions.DependencyInjection.ServiceLookup.CallSiteFactory.GetCallSite(ServiceDescriptor serviceDescriptor, CallSiteChain callSiteChain)
   at Microsoft.Extensions.DependencyInjection.ServiceProvider.ValidateService(ServiceDescriptor descriptor)
   --- End of inner exception stack trace ---
   at Microsoft.Extensions.DependencyInjection.ServiceProvider.ValidateService(ServiceDescriptor descriptor)
   at Microsoft.Extensions.DependencyInjection.ServiceProvider..ctor(ICollection`1 serviceDescriptors, ServiceProviderOptions options)
   --- End of inner exception stack trace ---
 ---> (Inner Exception #1) System.InvalidOperationException: Error while validating the service descriptor 'ServiceType: Tan.Domain.Services.Interfaces.ISampleService Lifetime: Transient ImplementationType: Tan.Domain.Services.SampleService': Unable to resolve service for type 'Tan.Infrastructure.DbContext.SampleContext' while attempting to activate 'Tan.Infrastructure.Repositories.SampleRepository'.
 ---> System.InvalidOperationException: Unable to resolve service for type 'Tan.Infrastructure.DbContext.SampleContext' while attempting to activate 'Tan.Infrastructure.Repositories.SampleRepository'.
   at Microsoft.Extensions.DependencyInjection.ServiceLookup.CallSiteFactory.CreateArgumentCallSites(ServiceIdentifier serviceIdentifier, Type implementationType, CallSiteChain callSiteChain, ParameterInfo[] parameters, Boolean throwIfCallSiteNotFound)
   at Microsoft.Extensions.DependencyInjection.ServiceLookup.CallSiteFactory.CreateConstructorCallSite(ResultCache lifetime, ServiceIdentifier serviceIdentifier, Type implementationType, CallSiteChain callSiteChain)
   at Microsoft.Extensions.DependencyInjection.ServiceLookup.CallSiteFactory.TryCreateExact(ServiceDescriptor descriptor, ServiceIdentifier serviceIdentifier, CallSiteChain callSiteChain, Int32 slot)
   at Microsoft.Extensions.DependencyInjection.ServiceLookup.CallSiteFactory.TryCreateExact(ServiceIdentifier serviceIdentifier, CallSiteChain callSiteChain)
   at Microsoft.Extensions.DependencyInjection.ServiceLookup.CallSiteFactory.CreateCallSite(ServiceIdentifier serviceIdentifier, CallSiteChain callSiteChain)
   at Microsoft.Extensions.DependencyInjection.ServiceLookup.CallSiteFactory.CreateArgumentCallSites(ServiceIdentifier serviceIdentifier, Type implementationType, CallSiteChain callSiteChain, ParameterInfo[] parameters, Boolean throwIfCallSiteNotFound)
   at Microsoft.Extensions.DependencyInjection.ServiceLookup.CallSiteFactory.CreateConstructorCallSite(ResultCache lifetime, ServiceIdentifier serviceIdentifier, Type implementationType, CallSiteChain callSiteChain)
   at Microsoft.Extensions.DependencyInjection.ServiceLookup.CallSiteFactory.TryCreateExact(ServiceDescriptor descriptor, ServiceIdentifier serviceIdentifier, CallSiteChain callSiteChain, Int32 slot)
   at Microsoft.Extensions.DependencyInjection.ServiceLookup.CallSiteFactory.GetCallSite(ServiceDescriptor serviceDescriptor, CallSiteChain callSiteChain)
   at Microsoft.Extensions.DependencyInjection.ServiceProvider.ValidateService(ServiceDescriptor descriptor)
   --- End of inner exception stack trace ---
   at Microsoft.Extensions.DependencyInjection.ServiceProvider.ValidateService(ServiceDescriptor descriptor)
   at Microsoft.Extensions.DependencyInjection.ServiceProvider..ctor(ICollection`1 serviceDescriptors, ServiceProviderOptions options)<---

 ---> (Inner Exception #2) System.InvalidOperationException: Error while validating the service descriptor 'ServiceType: Tan.Domain.Repositories.ISampleRepository Lifetime: Transient ImplementationType: Tan.Infrastructure.Repositories.SampleRepository': Unable to resolve service for type 'Tan.Infrastructure.DbContext.SampleContext' while attempting to activate 'Tan.Infrastructure.Repositories.SampleRepository'.
 ---> System.InvalidOperationException: Unable to resolve service for type 'Tan.Infrastructure.DbContext.SampleContext' while attempting to activate 'Tan.Infrastructure.Repositories.SampleRepository'.
   at Microsoft.Extensions.DependencyInjection.ServiceLookup.CallSiteFactory.CreateArgumentCallSites(ServiceIdentifier serviceIdentifier, Type implementationType, CallSiteChain callSiteChain, ParameterInfo[] parameters, Boolean throwIfCallSiteNotFound)
   at Microsoft.Extensions.DependencyInjection.ServiceLookup.CallSiteFactory.CreateConstructorCallSite(ResultCache lifetime, ServiceIdentifier serviceIdentifier, Type implementationType, CallSiteChain callSiteChain)
   at Microsoft.Extensions.DependencyInjection.ServiceLookup.CallSiteFactory.TryCreateExact(ServiceDescriptor descriptor, ServiceIdentifier serviceIdentifier, CallSiteChain callSiteChain, Int32 slot)
   at Microsoft.Extensions.DependencyInjection.ServiceLookup.CallSiteFactory.GetCallSite(ServiceDescriptor serviceDescriptor, CallSiteChain callSiteChain)
   at Microsoft.Extensions.DependencyInjection.ServiceProvider.ValidateService(ServiceDescriptor descriptor)
   --- End of inner exception stack trace ---
   at Microsoft.Extensions.DependencyInjection.ServiceProvider.ValidateService(ServiceDescriptor descriptor)
   at Microsoft.Extensions.DependencyInjection.ServiceProvider..ctor(ICollection`1 serviceDescriptors, ServiceProviderOptions options)<---
|url: 
2024-09-25 14:26:08.7158|0|DEBUG|Tan.Api.Program|init main |url: 
2024-09-25 14:26:08.8169|0|ERROR|Tan.Api.Program|expetion main System.AggregateException: Some services are not able to be constructed (Error while validating the service descriptor 'ServiceType: Tan.Application.Facades.Interfaces.ISampleFacade Lifetime: Transient ImplementationType: Tan.Application.Facades.SampleFacade': Unable to resolve service for type 'Tan.Infrastructure.DbContext.SampleContext' while attempting to activate 'Tan.Infrastructure.Repositories.SampleRepository'.) (Error while validating the service descriptor 'ServiceType: Tan.Domain.Services.Interfaces.ISampleService Lifetime: Transient ImplementationType: Tan.Domain.Services.SampleService': Unable to resolve service for type 'Tan.Infrastructure.DbContext.SampleContext' while attempting to activate 'Tan.Infrastructure.Repositories.SampleRepository'.) (Error while validating the service descriptor 'ServiceType: Tan.Domain.Repositories.ISampleRepository Lifetime: Transient ImplementationType: Tan.Infrastructure.Repositories.SampleRepository': Unable to resolve service for type 'Tan.Infrastructure.DbContext.SampleContext' while attempting to activate 'Tan.Infrastructure.Repositories.SampleRepository'.)
 ---> System.InvalidOperationException: Error while validating the service descriptor 'ServiceType: Tan.Application.Facades.Interfaces.ISampleFacade Lifetime: Transient ImplementationType: Tan.Application.Facades.SampleFacade': Unable to resolve service for type 'Tan.Infrastructure.DbContext.SampleContext' while attempting to activate 'Tan.Infrastructure.Repositories.SampleRepository'.
 ---> System.InvalidOperationException: Unable to resolve service for type 'Tan.Infrastructure.DbContext.SampleContext' while attempting to activate 'Tan.Infrastructure.Repositories.SampleRepository'.
   at Microsoft.Extensions.DependencyInjection.ServiceLookup.CallSiteFactory.CreateArgumentCallSites(ServiceIdentifier serviceIdentifier, Type implementationType, CallSiteChain callSiteChain, ParameterInfo[] parameters, Boolean throwIfCallSiteNotFound)
   at Microsoft.Extensions.DependencyInjection.ServiceLookup.CallSiteFactory.CreateConstructorCallSite(ResultCache lifetime, ServiceIdentifier serviceIdentifier, Type implementationType, CallSiteChain callSiteChain)
   at Microsoft.Extensions.DependencyInjection.ServiceLookup.CallSiteFactory.TryCreateExact(ServiceDescriptor descriptor, ServiceIdentifier serviceIdentifier, CallSiteChain callSiteChain, Int32 slot)
   at Microsoft.Extensions.DependencyInjection.ServiceLookup.CallSiteFactory.TryCreateExact(ServiceIdentifier serviceIdentifier, CallSiteChain callSiteChain)
   at Microsoft.Extensions.DependencyInjection.ServiceLookup.CallSiteFactory.CreateCallSite(ServiceIdentifier serviceIdentifier, CallSiteChain callSiteChain)
   at Microsoft.Extensions.DependencyInjection.ServiceLookup.CallSiteFactory.CreateArgumentCallSites(ServiceIdentifier serviceIdentifier, Type implementationType, CallSiteChain callSiteChain, ParameterInfo[] parameters, Boolean throwIfCallSiteNotFound)
   at Microsoft.Extensions.DependencyInjection.ServiceLookup.CallSiteFactory.CreateConstructorCallSite(ResultCache lifetime, ServiceIdentifier serviceIdentifier, Type implementationType, CallSiteChain callSiteChain)
   at Microsoft.Extensions.DependencyInjection.ServiceLookup.CallSiteFactory.TryCreateExact(ServiceDescriptor descriptor, ServiceIdentifier serviceIdentifier, CallSiteChain callSiteChain, Int32 slot)
   at Microsoft.Extensions.DependencyInjection.ServiceLookup.CallSiteFactory.TryCreateExact(ServiceIdentifier serviceIdentifier, CallSiteChain callSiteChain)
   at Microsoft.Extensions.DependencyInjection.ServiceLookup.CallSiteFactory.CreateCallSite(ServiceIdentifier serviceIdentifier, CallSiteChain callSiteChain)
   at Microsoft.Extensions.DependencyInjection.ServiceLookup.CallSiteFactory.CreateArgumentCallSites(ServiceIdentifier serviceIdentifier, Type implementationType, CallSiteChain callSiteChain, ParameterInfo[] parameters, Boolean throwIfCallSiteNotFound)
   at Microsoft.Extensions.DependencyInjection.ServiceLookup.CallSiteFactory.CreateConstructorCallSite(ResultCache lifetime, ServiceIdentifier serviceIdentifier, Type implementationType, CallSiteChain callSiteChain)
   at Microsoft.Extensions.DependencyInjection.ServiceLookup.CallSiteFactory.TryCreateExact(ServiceDescriptor descriptor, ServiceIdentifier serviceIdentifier, CallSiteChain callSiteChain, Int32 slot)
   at Microsoft.Extensions.DependencyInjection.ServiceLookup.CallSiteFactory.GetCallSite(ServiceDescriptor serviceDescriptor, CallSiteChain callSiteChain)
   at Microsoft.Extensions.DependencyInjection.ServiceProvider.ValidateService(ServiceDescriptor descriptor)
   --- End of inner exception stack trace ---
   at Microsoft.Extensions.DependencyInjection.ServiceProvider.ValidateService(ServiceDescriptor descriptor)
   at Microsoft.Extensions.DependencyInjection.ServiceProvider..ctor(ICollection`1 serviceDescriptors, ServiceProviderOptions options)
   --- End of inner exception stack trace ---
 ---> (Inner Exception #1) System.InvalidOperationException: Error while validating the service descriptor 'ServiceType: Tan.Domain.Services.Interfaces.ISampleService Lifetime: Transient ImplementationType: Tan.Domain.Services.SampleService': Unable to resolve service for type 'Tan.Infrastructure.DbContext.SampleContext' while attempting to activate 'Tan.Infrastructure.Repositories.SampleRepository'.
 ---> System.InvalidOperationException: Unable to resolve service for type 'Tan.Infrastructure.DbContext.SampleContext' while attempting to activate 'Tan.Infrastructure.Repositories.SampleRepository'.
   at Microsoft.Extensions.DependencyInjection.ServiceLookup.CallSiteFactory.CreateArgumentCallSites(ServiceIdentifier serviceIdentifier, Type implementationType, CallSiteChain callSiteChain, ParameterInfo[] parameters, Boolean throwIfCallSiteNotFound)
   at Microsoft.Extensions.DependencyInjection.ServiceLookup.CallSiteFactory.CreateConstructorCallSite(ResultCache lifetime, ServiceIdentifier serviceIdentifier, Type implementationType, CallSiteChain callSiteChain)
   at Microsoft.Extensions.DependencyInjection.ServiceLookup.CallSiteFactory.TryCreateExact(ServiceDescriptor descriptor, ServiceIdentifier serviceIdentifier, CallSiteChain callSiteChain, Int32 slot)
   at Microsoft.Extensions.DependencyInjection.ServiceLookup.CallSiteFactory.TryCreateExact(ServiceIdentifier serviceIdentifier, CallSiteChain callSiteChain)
   at Microsoft.Extensions.DependencyInjection.ServiceLookup.CallSiteFactory.CreateCallSite(ServiceIdentifier serviceIdentifier, CallSiteChain callSiteChain)
   at Microsoft.Extensions.DependencyInjection.ServiceLookup.CallSiteFactory.CreateArgumentCallSites(ServiceIdentifier serviceIdentifier, Type implementationType, CallSiteChain callSiteChain, ParameterInfo[] parameters, Boolean throwIfCallSiteNotFound)
   at Microsoft.Extensions.DependencyInjection.ServiceLookup.CallSiteFactory.CreateConstructorCallSite(ResultCache lifetime, ServiceIdentifier serviceIdentifier, Type implementationType, CallSiteChain callSiteChain)
   at Microsoft.Extensions.DependencyInjection.ServiceLookup.CallSiteFactory.TryCreateExact(ServiceDescriptor descriptor, ServiceIdentifier serviceIdentifier, CallSiteChain callSiteChain, Int32 slot)
   at Microsoft.Extensions.DependencyInjection.ServiceLookup.CallSiteFactory.GetCallSite(ServiceDescriptor serviceDescriptor, CallSiteChain callSiteChain)
   at Microsoft.Extensions.DependencyInjection.ServiceProvider.ValidateService(ServiceDescriptor descriptor)
   --- End of inner exception stack trace ---
   at Microsoft.Extensions.DependencyInjection.ServiceProvider.ValidateService(ServiceDescriptor descriptor)
   at Microsoft.Extensions.DependencyInjection.ServiceProvider..ctor(ICollection`1 serviceDescriptors, ServiceProviderOptions options)<---

 ---> (Inner Exception #2) System.InvalidOperationException: Error while validating the service descriptor 'ServiceType: Tan.Domain.Repositories.ISampleRepository Lifetime: Transient ImplementationType: Tan.Infrastructure.Repositories.SampleRepository': Unable to resolve service for type 'Tan.Infrastructure.DbContext.SampleContext' while attempting to activate 'Tan.Infrastructure.Repositories.SampleRepository'.
 ---> System.InvalidOperationException: Unable to resolve service for type 'Tan.Infrastructure.DbContext.SampleContext' while attempting to activate 'Tan.Infrastructure.Repositories.SampleRepository'.
   at Microsoft.Extensions.DependencyInjection.ServiceLookup.CallSiteFactory.CreateArgumentCallSites(ServiceIdentifier serviceIdentifier, Type implementationType, CallSiteChain callSiteChain, ParameterInfo[] parameters, Boolean throwIfCallSiteNotFound)
   at Microsoft.Extensions.DependencyInjection.ServiceLookup.CallSiteFactory.CreateConstructorCallSite(ResultCache lifetime, ServiceIdentifier serviceIdentifier, Type implementationType, CallSiteChain callSiteChain)
   at Microsoft.Extensions.DependencyInjection.ServiceLookup.CallSiteFactory.TryCreateExact(ServiceDescriptor descriptor, ServiceIdentifier serviceIdentifier, CallSiteChain callSiteChain, Int32 slot)
   at Microsoft.Extensions.DependencyInjection.ServiceLookup.CallSiteFactory.GetCallSite(ServiceDescriptor serviceDescriptor, CallSiteChain callSiteChain)
   at Microsoft.Extensions.DependencyInjection.ServiceProvider.ValidateService(ServiceDescriptor descriptor)
   --- End of inner exception stack trace ---
   at Microsoft.Extensions.DependencyInjection.ServiceProvider.ValidateService(ServiceDescriptor descriptor)
   at Microsoft.Extensions.DependencyInjection.ServiceProvider..ctor(ICollection`1 serviceDescriptors, ServiceProviderOptions options)<---
|url: 
2024-09-25 14:29:07.6570|0|DEBUG|Tan.Api.Program|init main |url: 
2024-09-25 14:29:07.9594|6|FATAL|Microsoft.AspNetCore.Hosting.Diagnostics|Application startup exception System.InvalidOperationException: A suitable constructor for type 'Tan.Api.Middlewares.EdgeHandlerMiddleware' could not be located. Ensure the type is concrete and services are registered for all parameters of a public constructor.
   at Microsoft.Extensions.Internal.ActivatorUtilities.CreateInstance(IServiceProvider provider, Type instanceType, Object[] parameters)
   at Microsoft.AspNetCore.Builder.UseMiddlewareExtensions.ReflectionMiddlewareBinder.CreateMiddleware(RequestDelegate next)
   at Microsoft.AspNetCore.Builder.ApplicationBuilder.Build()
   at Microsoft.AspNetCore.Builder.ApplicationBuilder.Build()
   at Microsoft.AspNetCore.Hosting.GenericWebHostService.StartAsync(CancellationToken cancellationToken)|url: 
2024-09-25 14:29:07.9753|11|ERROR|Microsoft.Extensions.Hosting.Internal.Host|Hosting failed to start System.InvalidOperationException: A suitable constructor for type 'Tan.Api.Middlewares.EdgeHandlerMiddleware' could not be located. Ensure the type is concrete and services are registered for all parameters of a public constructor.
   at Microsoft.Extensions.Internal.ActivatorUtilities.CreateInstance(IServiceProvider provider, Type instanceType, Object[] parameters)
   at Microsoft.AspNetCore.Builder.UseMiddlewareExtensions.ReflectionMiddlewareBinder.CreateMiddleware(RequestDelegate next)
   at Microsoft.AspNetCore.Builder.ApplicationBuilder.Build()
   at Microsoft.AspNetCore.Builder.ApplicationBuilder.Build()
   at Microsoft.AspNetCore.Hosting.GenericWebHostService.StartAsync(CancellationToken cancellationToken)
   at Microsoft.Extensions.Hosting.Internal.Host.<StartAsync>b__15_1(IHostedService service, CancellationToken token)
   at Microsoft.Extensions.Hosting.Internal.Host.ForeachService[T](IEnumerable`1 services, CancellationToken token, Boolean concurrent, Boolean abortOnFirstException, List`1 exceptions, Func`3 operation)|url: 
2024-09-25 14:29:08.0142|0|ERROR|Tan.Api.Program|expetion main System.InvalidOperationException: A suitable constructor for type 'Tan.Api.Middlewares.EdgeHandlerMiddleware' could not be located. Ensure the type is concrete and services are registered for all parameters of a public constructor.
   at Microsoft.Extensions.Internal.ActivatorUtilities.CreateInstance(IServiceProvider provider, Type instanceType, Object[] parameters)
   at Microsoft.AspNetCore.Builder.UseMiddlewareExtensions.ReflectionMiddlewareBinder.CreateMiddleware(RequestDelegate next)
   at Microsoft.AspNetCore.Builder.ApplicationBuilder.Build()
   at Microsoft.AspNetCore.Builder.ApplicationBuilder.Build()
   at Microsoft.AspNetCore.Hosting.GenericWebHostService.StartAsync(CancellationToken cancellationToken)
   at Microsoft.Extensions.Hosting.Internal.Host.<StartAsync>b__15_1(IHostedService service, CancellationToken token)
   at Microsoft.Extensions.Hosting.Internal.Host.ForeachService[T](IEnumerable`1 services, CancellationToken token, Boolean concurrent, Boolean abortOnFirstException, List`1 exceptions, Func`3 operation)
   at Microsoft.Extensions.Hosting.Internal.Host.StartAsync(CancellationToken cancellationToken)
   at Microsoft.Extensions.Hosting.HostingAbstractionsHostExtensions.RunAsync(IHost host, CancellationToken token)
   at Microsoft.Extensions.Hosting.HostingAbstractionsHostExtensions.RunAsync(IHost host, CancellationToken token)
   at Microsoft.Extensions.Hosting.HostingAbstractionsHostExtensions.Run(IHost host)
   at Program.<Main>$(String[] args) in C:\Users\leetanyul\source\repos\Tan.Api\Tan.Api\Program.cs:line 61
   at Program.<Main>$(String[] args) in C:\Users\leetanyul\source\repos\Tan.Api\Tan.Api\Program.cs:line 61|url: 
2024-09-25 14:30:00.2159|0|DEBUG|Tan.Api.Program|init main |url: 
2024-09-25 14:30:05.3448|6|FATAL|Microsoft.AspNetCore.Hosting.Diagnostics|Application startup exception System.InvalidOperationException: A suitable constructor for type 'Tan.Api.Middlewares.EdgeHandlerMiddleware' could not be located. Ensure the type is concrete and services are registered for all parameters of a public constructor.
   at Microsoft.Extensions.Internal.ActivatorUtilities.CreateInstance(IServiceProvider provider, Type instanceType, Object[] parameters)
   at Microsoft.AspNetCore.Builder.UseMiddlewareExtensions.ReflectionMiddlewareBinder.CreateMiddleware(RequestDelegate next)
   at Microsoft.AspNetCore.Builder.ApplicationBuilder.Build()
   at Microsoft.AspNetCore.Builder.ApplicationBuilder.Build()
   at Microsoft.AspNetCore.Hosting.GenericWebHostService.StartAsync(CancellationToken cancellationToken)|url: 
2024-09-25 14:30:05.3599|11|ERROR|Microsoft.Extensions.Hosting.Internal.Host|Hosting failed to start System.InvalidOperationException: A suitable constructor for type 'Tan.Api.Middlewares.EdgeHandlerMiddleware' could not be located. Ensure the type is concrete and services are registered for all parameters of a public constructor.
   at Microsoft.Extensions.Internal.ActivatorUtilities.CreateInstance(IServiceProvider provider, Type instanceType, Object[] parameters)
   at Microsoft.AspNetCore.Builder.UseMiddlewareExtensions.ReflectionMiddlewareBinder.CreateMiddleware(RequestDelegate next)
   at Microsoft.AspNetCore.Builder.ApplicationBuilder.Build()
   at Microsoft.AspNetCore.Builder.ApplicationBuilder.Build()
   at Microsoft.AspNetCore.Hosting.GenericWebHostService.StartAsync(CancellationToken cancellationToken)
   at Microsoft.Extensions.Hosting.Internal.Host.<StartAsync>b__15_1(IHostedService service, CancellationToken token)
   at Microsoft.Extensions.Hosting.Internal.Host.ForeachService[T](IEnumerable`1 services, CancellationToken token, Boolean concurrent, Boolean abortOnFirstException, List`1 exceptions, Func`3 operation)|url: 
2024-09-25 14:32:01.6676|0|DEBUG|Tan.Api.Program|init main |url: 
2024-09-25 14:32:03.5722|14|INFO|Microsoft.Hosting.Lifetime|Now listening on: https://localhost:7219 |url: 
2024-09-25 14:32:03.5722|14|INFO|Microsoft.Hosting.Lifetime|Now listening on: http://localhost:5066 |url: 
2024-09-25 14:32:03.5722|0|INFO|Microsoft.Hosting.Lifetime|Application started. Press Ctrl+C to shut down. |url: 
2024-09-25 14:32:03.5722|0|INFO|Microsoft.Hosting.Lifetime|Hosting environment: Development |url: 
2024-09-25 14:32:03.5722|0|INFO|Microsoft.Hosting.Lifetime|Content root path: C:\Users\leetanyul\source\repos\Tan.Api\Tan.Api |url: 
2024-09-25 14:33:11.4247|0|DEBUG|Tan.Api.Program|init main |url: 
2024-09-25 14:33:11.8877|14|INFO|Microsoft.Hosting.Lifetime|Now listening on: https://localhost:7219 |url: 
2024-09-25 14:33:11.8877|14|INFO|Microsoft.Hosting.Lifetime|Now listening on: http://localhost:5066 |url: 
2024-09-25 14:33:11.8877|0|INFO|Microsoft.Hosting.Lifetime|Application started. Press Ctrl+C to shut down. |url: 
2024-09-25 14:33:11.8877|0|INFO|Microsoft.Hosting.Lifetime|Hosting environment: Development |url: 
2024-09-25 14:33:11.8877|0|INFO|Microsoft.Hosting.Lifetime|Content root path: C:\Users\leetanyul\source\repos\Tan.Api\Tan.Api |url: 
